[INFO] Scanning for projects...
[WARNING] 
[WARNING] Some problems were encountered while building the effective model for com.foo.app:testapp:jar:1.0.0-SNAPSHOT
[WARNING] 'build.plugins.plugin.version' for org.apache.maven.plugins:maven-resources-plugin is missing. @ line 29, column 21
[WARNING] 
[WARNING] It is highly recommended to fix these problems because they threaten the stability of your build.
[WARNING] 
[WARNING] For this reason, future Maven versions might no longer support building such malformed projects.
[WARNING] 
[INFO] 
[INFO] ------------------------< com.foo.app:testapp >-------------------------
[INFO] Building testapp 1.0.0-SNAPSHOT
[INFO] --------------------------------[ jar ]---------------------------------
[INFO] 
[INFO] --- maven-clean-plugin:2.5:clean (default-clean) @ testapp ---
[INFO] Deleting /home/jh/2021-12-15_fabric8/example-project-with-spotify-and-fabric8/target
[INFO] 
[INFO] --- maven-resources-plugin:2.6:resources (default-resources) @ testapp ---
[WARNING] Using platform encoding (UTF-8 actually) to copy filtered resources, i.e. build is platform dependent!
[INFO] skip non existing resourceDirectory /home/jh/2021-12-15_fabric8/example-project-with-spotify-and-fabric8/src/main/resources
[INFO] 
[INFO] --- maven-compiler-plugin:3.1:compile (default-compile) @ testapp ---
[INFO] Changes detected - recompiling the module!
[WARNING] File encoding has not been set, using platform encoding UTF-8, i.e. build is platform dependent!
[INFO] Compiling 1 source file to /home/jh/2021-12-15_fabric8/example-project-with-spotify-and-fabric8/target/classes
[INFO] 
[INFO] --- maven-resources-plugin:2.6:testResources (default-testResources) @ testapp ---
[WARNING] Using platform encoding (UTF-8 actually) to copy filtered resources, i.e. build is platform dependent!
[INFO] skip non existing resourceDirectory /home/jh/2021-12-15_fabric8/example-project-with-spotify-and-fabric8/src/test/resources
[INFO] 
[INFO] --- maven-compiler-plugin:3.1:testCompile (default-testCompile) @ testapp ---
[INFO] No sources to compile
[INFO] 
[INFO] --- maven-surefire-plugin:2.12.4:test (default-test) @ testapp ---
[INFO] No tests to run.
[INFO] 
[INFO] --- maven-jar-plugin:3.2.0:jar (default-jar) @ testapp ---
[INFO] Building jar: /home/jh/2021-12-15_fabric8/example-project-with-spotify-and-fabric8/target/testapp-1.0.0-SNAPSHOT.jar
[INFO] 
[INFO] --- maven-resources-plugin:2.6:copy-resources (prepare-dockerfile) @ testapp ---
[WARNING] Using platform encoding (UTF-8 actually) to copy filtered resources, i.e. build is platform dependent!
[INFO] Copying 1 resource
[INFO] Copying 1 resource
[INFO] 
[INFO] --- docker-maven-plugin:1.2.2:build (build-image) @ testapp ---
[INFO] Using authentication suppliers: [ConfigFileRegistryAuthSupplier]
[INFO] Copying /home/jh/2021-12-15_fabric8/example-project-with-spotify-and-fabric8/target/maven/testapp-1.0.0-SNAPSHOT.jar -> /home/jh/2021-12-15_fabric8/example-project-with-spotify-and-fabric8/target/docker/testapp-1.0.0-SNAPSHOT.jar
[INFO] Copying /home/jh/2021-12-15_fabric8/example-project-with-spotify-and-fabric8/target/maven/Dockerfile -> /home/jh/2021-12-15_fabric8/example-project-with-spotify-and-fabric8/target/docker/Dockerfile
[INFO] Building image testapp:1.0.0-SNAPSHOT
STEP 1/4: FROM openjdk:8-jdk-alpine
STEP 2/4: COPY *.jar app.jar
STEP 3/4: COPY NOT_EXISTING_FILE .
[INFO] ------------------------------------------------------------------------
[INFO] BUILD FAILURE
[INFO] ------------------------------------------------------------------------
[INFO] Total time:  3.635 s
[INFO] Finished at: 2021-12-18T14:33:36+01:00
[INFO] ------------------------------------------------------------------------
[ERROR] Failed to execute goal com.spotify:docker-maven-plugin:1.2.2:build (build-image) on project testapp: Exception caught: error building at STEP "COPY NOT_EXISTING_FILE .": checking on sources under "/var/tmp/libpod_builder182988184/build": copier: stat: "/NOT_EXISTING_FILE": no such file or directory -> [Help 1]
[ERROR] 
[ERROR] To see the full stack trace of the errors, re-run Maven with the -e switch.
[ERROR] Re-run Maven using the -X switch to enable full debug logging.
[ERROR] 
[ERROR] For more information about the errors and possible solutions, please read the following articles:
[ERROR] [Help 1] http://cwiki.apache.org/confluence/display/MAVEN/MojoExecutionException
